<?xml version="1.0" encoding="UTF-8"?>
<testng-results skipped="0" failed="0" total="1" passed="1">
  <reporter-output>
  </reporter-output>
  <suite name="First Suite" duration-ms="50" started-at="2015-12-03T13:22:41Z" finished-at="2015-12-03T13:22:41Z">
    <groups>
    </groups>
    <test name="Login Test" duration-ms="50" started-at="2015-12-03T13:22:41Z" finished-at="2015-12-03T13:22:41Z">
      <class name="com.tagrem.crmsales.testngfile.NewTest">
        <test-method status="PASS" signature="beforeSuite()[pri:0, instance:com.tagrem.crmsales.testngfile.NewTest@16a33928]" name="beforeSuite" is-config="true" duration-ms="4700" started-at="2015-12-03T18:52:36Z" finished-at="2015-12-03T18:52:41Z">
          <reporter-output>
          </reporter-output>
        </test-method> <!-- beforeSuite -->
        <test-method status="PASS" signature="f()[pri:0, instance:com.tagrem.crmsales.testngfile.NewTest@16a33928]" name="f" duration-ms="3" started-at="2015-12-03T18:52:41Z" finished-at="2015-12-03T18:52:41Z">
          <reporter-output>
          </reporter-output>
        </test-method> <!-- f -->
        <test-method status="PASS" signature="afterSuite()[pri:0, instance:com.tagrem.crmsales.testngfile.NewTest@16a33928]" name="afterSuite" is-config="true" duration-ms="1" started-at="2015-12-03T18:52:41Z" finished-at="2015-12-03T18:52:41Z">
          <reporter-output>
          </reporter-output>
        </test-method> <!-- afterSuite -->
      </class> <!-- com.tagrem.crmsales.testngfile.NewTest -->
    </test> <!-- Login Test -->
  </suite> <!-- First Suite -->
</testng-results>
